Arguments: 
  /usr/bin/node /usr/share/yarn/bin/yarn.js

PATH: 
  /usr/local/sbin:/usr/local/bin:/usr/sbin:/usr/bin:/sbin:/bin:/usr/games:/usr/local/games:/snap/bin

Yarn version: 
  1.17.3

Node version: 
  10.16.2

Platform: 
  linux x64

Trace: 
  Error: EACCES: permission denied, unlink '/home/jorge/Documentos/projects/ssr-react-master/node_modules/lodash/LICENSE'

npm manifest: 
  {
    "name": "atlas",
    "version": "1.0.0",
    "description": "Backend",
    "main": "dist/index.js",
    "scripts": {
      "build": "webpack --mode=production && npm run copy_static_assets",
      "dev": "webpack && npm run copy_static_assets && concurrently \"webpack --watch\" \"nodemon dist\"",
      "start": "NODE_ENV=production node dist/index.js",
      "copy_static_assets": "node copyStaticAssets.js"
    },
    "keywords": [],
    "author": "Jorge Lobo",
    "license": "ISC",
    "dependencies": {
      "bcrypt": "^3.0.6",
      "body-parser": "^1.19.0",
      "colors": "^1.3.3",
      "compression": "^1.7.3",
      "dotenv": "^8.0.0",
      "express": "^4.16.4",
      "immutable": "^4.0.0-rc.12",
      "jsonwebtoken": "^8.5.1",
      "jwt-simple": "^0.5.6",
      "moment": "^2.24.0",
      "morgan": "^1.9.1",
      "prop-types": "^15.7.2",
      "react": "^16.8.6",
      "react-dom": "^16.8.6",
      "react-router-dom": "^4.3.1",
      "url": "^0.11.0",
      "xml2js": "^0.4.19",
      "xmlrpc": "^1.3.2"
    },
    "devDependencies": {
      "cors": "^2.8.5",
      "babel-core": "^6.26.3",
      "babel-loader": "^7.1.5",
      "babel-plugin-transform-class-properties": "^6.24.1",
      "babel-preset-es2015": "^6.24.1",
      "babel-preset-react": "^6.24.1",
      "concurrently": "^3.6.1",
      "enzyme": "^3.9.0",
      "enzyme-adapter-react-16": "^1.10.0",
      "fs-extra": "^7.0.1",
      "jloboescalona-eslint-config": "^1.1.0",
      "nodemon": "^1.18.10",
      "react-addons-test-utils": "^15.6.2",
      "webpack": "^4.29.5",
      "webpack-cli": "^3.2.3",
      "webpack-node-externals": "^1.7.2"
    }
  }

yarn manifest: 
  No manifest

Lockfile: 
  No lockfile
